22:28:37 **** Incremental Build of configuration Debug for project app_03 ****
make all 
Building file: ../main.c
Invoking: AVR Compiler
avr-gcc -Wall -g2 -gstabs -O0 -fpack-struct -fshort-enums -ffunction-sections -fdata-sections -std=gnu99 -funsigned-char -funsigned-bitfields -mmcu=atmega32 -DF_CPU=8000000UL -MMD -MP -MF"main.d" -MT"main.o" -c -o "main.o" "../main.c"
In file included from ../main.c:10:
e:/iti 3 months/04- microcontroller interfacing/imt_sdk_win_64/winavr/lib/gcc/../../avr/include/util/delay.h:90:3: warning: #warning "Compiler optimizations disabled; functions from <util/delay.h> won't work as designed"
Finished building: ../main.c
 
Building target: app_03.elf
Invoking: AVR C Linker
avr-gcc -Wl,-Map,app_03.map -mmcu=atmega32 -o "app_03.elf"  ./main.o   
Finished building target: app_03.elf
 
Invoking: AVR Create Extended Listing
avr-objdump -h -S app_03.elf  >"app_03.lss"
Finished building: app_03.lss
 
Create Flash image (ihex format)
avr-objcopy -R .eeprom -R .fuse -R .lock -R .signature -O ihex app_03.elf  "app_03.hex"
Finished building: app_03.hex
 
Invoking: Print Size
avr-size --format=avr --mcu=atmega32 app_03.elf
AVR Memory Usage
----------------
Device: atmega32

Program:    4676 bytes (14.3% Full)
(.text + .data + .bootloader)

Data:        184 bytes (9.0% Full)
(.data + .bss + .noinit)


Finished building: sizedummy
 
Invoking: AVRDude
E:\ITI 3 Months\04- Microcontroller Interfacing\IMT_SDK_Win_64\WinAVR\bin\avrdude -pm32 -cusbasp -u -Uflash:w:app_03.hex:a -Ulfuse:w:0xff:m -Uhfuse:w:0xd9:m

avrdude: warning: cannot set sck period. please check for usbasp firmware update.
avrdude: AVR device initialized and ready to accept instructions

Reading | ################################################## | 100% 0.01s

avrdude: Device signature = 0x1e9502
avrdude: NOTE: FLASH memory has been specified, an erase cycle will be performed
         To disable this feature, specify the -D option.
avrdude: erasing chip
avrdude: warning: cannot set sck period. please check for usbasp firmware update.
avrdude: reading input file "app_03.hex"
avrdude: input file app_03.hex auto detected as Intel Hex
avrdude: writing flash (4676 bytes):

Writing | ################################################## | 100% 2.75s

avrdude: 4676 bytes of flash written
avrdude: verifying flash memory against app_03.hex:
avrdude: load data flash data from input file app_03.hex:
avrdude: input file app_03.hex auto detected as Intel Hex
avrdude: input file app_03.hex contains 4676 bytes
avrdude: reading on-chip flash data:

Reading | ################################################## | 100% 2.36s

avrdude: verifying ...
avrdude: 4676 bytes of flash verified
avrdude: reading input file "0xff"
avrdude: writing lfuse (1 bytes):

Writing | ################################################## | 100% 0.00s

avrdude: 1 bytes of lfuse written
avrdude: verifying lfuse memory against 0xff:
avrdude: load data lfuse data from input file 0xff:
avrdude: input file 0xff contains 1 bytes
avrdude: reading on-chip lfuse data:

Reading | ################################################## | 100% 0.00s

avrdude: verifying ...
avrdude: 1 bytes of lfuse verified
avrdude: reading input file "0xd9"
avrdude: writing hfuse (1 bytes):

Writing | ################################################## | 100% 0.00s

avrdude: 1 bytes of hfuse written
avrdude: verifying hfuse memory against 0xd9:
avrdude: load data hfuse data from input file 0xd9:
avrdude: input file 0xd9 contains 1 bytes
avrdude: reading on-chip hfuse data:

Reading | ################################################## | 100% 0.00s

avrdude: verifying ...
avrdude: 1 bytes of hfuse verified

avrdude done.  Thank you.

Finished building: avrdudedummy
 

22:28:43 Build Finished (took 6s.86ms)

