22:08:41 **** Incremental Build of configuration Debug for project HLCD_app ****
make all 
Invoking: Print Size
avr-size --format=avr --mcu=atmega32 HLCD_app.elf
AVR Memory Usage
----------------
Device: atmega32

Program:    7736 bytes (23.6% Full)
(.text + .data + .bootloader)

Data:         20 bytes (1.0% Full)
(.data + .bss + .noinit)


Finished building: sizedummy
 
Invoking: AVRDude
E:\ITI 3 Months\04- Microcontroller Interfacing\IMT_SDK_Win_64\WinAVR\bin\avrdude -pm32 -cusbasp -u -Uflash:w:HLCD_app.hex:a -Ulfuse:w:0xff:m -Uhfuse:w:0xd9:m

avrdude: warning: cannot set sck period. please check for usbasp firmware update.
avrdude: AVR device initialized and ready to accept instructions

Reading | ################################################## | 100% 0.00s

avrdude: Device signature = 0x1e9502
avrdude: NOTE: FLASH memory has been specified, an erase cycle will be performed
         To disable this feature, specify the -D option.
avrdude: erasing chip
avrdude: warning: cannot set sck period. please check for usbasp firmware update.
avrdude: reading input file "HLCD_app.hex"
avrdude: input file HLCD_app.hex auto detected as Intel Hex
avrdude: writing flash (7736 bytes):

Writing | ################################################## | 100% 4.26s

avrdude: 7736 bytes of flash written
avrdude: verifying flash memory against HLCD_app.hex:
avrdude: load data flash data from input file HLCD_app.hex:
avrdude: input file HLCD_app.hex auto detected as Intel Hex
avrdude: input file HLCD_app.hex contains 7736 bytes
avrdude: reading on-chip flash data:

Reading | ################################################## | 100% 3.94s

avrdude: verifying ...
avrdude: 7736 bytes of flash verified
avrdude: reading input file "0xff"
avrdude: writing lfuse (1 bytes):

Writing | ################################################## | 100% 0.00s

avrdude: 1 bytes of lfuse written
avrdude: verifying lfuse memory against 0xff:
avrdude: load data lfuse data from input file 0xff:
avrdude: input file 0xff contains 1 bytes
avrdude: reading on-chip lfuse data:

Reading | ################################################## | 100% 0.00s

avrdude: verifying ...
avrdude: 1 bytes of lfuse verified
avrdude: reading input file "0xd9"
avrdude: writing hfuse (1 bytes):

Writing | ################################################## | 100% 0.02s

avrdude: 1 bytes of hfuse written
avrdude: verifying hfuse memory against 0xd9:
avrdude: load data hfuse data from input file 0xd9:
avrdude: input file 0xd9 contains 1 bytes
avrdude: reading on-chip hfuse data:

Reading | ################################################## | 100% 0.00s

avrdude: verifying ...
avrdude: 1 bytes of hfuse verified

avrdude done.  Thank you.

Finished building: avrdudedummy
 

22:08:49 Build Finished (took 8s.748ms)

