13:30:14 **** Incremental Build of configuration Debug for project MDIO_app ****
make all 
Building file: ../main.c
Invoking: AVR Compiler
avr-gcc -Wall -g2 -gstabs -O0 -fpack-struct -fshort-enums -ffunction-sections -fdata-sections -std=gnu99 -funsigned-char -funsigned-bitfields -mmcu=atmega32 -DF_CPU=8000000UL -MMD -MP -MF"main.d" -MT"main.o" -c -o "main.o" "../main.c"
../main.c:3:1: warning: "F_CPU" redefined
<command-line>: warning: this is the location of the previous definition
In file included from ../main.c:4:
e:/iti 3 months/04- microcontroller interfacing/imt_sdk_win_64/winavr/lib/gcc/../../avr/include/util/delay.h:90:3: warning: #warning "Compiler optimizations disabled; functions from <util/delay.h> won't work as designed"
Finished building: ../main.c
 
Building target: MDIO_app.elf
Invoking: AVR C Linker
avr-gcc -Wl,-Map,MDIO_app.map -mmcu=atmega32 -o "MDIO_app.elf"  ./MDIO_program.o ./main.o   
Finished building target: MDIO_app.elf
 
Invoking: AVR Create Extended Listing
avr-objdump -h -S MDIO_app.elf  >"MDIO_app.lss"
Finished building: MDIO_app.lss
 
Create Flash image (ihex format)
avr-objcopy -R .eeprom -R .fuse -R .lock -R .signature -O ihex MDIO_app.elf  "MDIO_app.hex"
Finished building: MDIO_app.hex
 
Invoking: Print Size
avr-size --format=avr --mcu=atmega32 MDIO_app.elf
AVR Memory Usage
----------------
Device: atmega32

Program:    5058 bytes (15.4% Full)
(.text + .data + .bootloader)

Data:          8 bytes (0.4% Full)
(.data + .bss + .noinit)


Finished building: sizedummy
 
Invoking: AVRDude
E:\ITI 3 Months\04- Microcontroller Interfacing\IMT_SDK_Win_64\WinAVR\bin\avrdude -pm32 -cusbasp -u -Uflash:w:MDIO_app.hex:a -Ulfuse:w:0xff:m -Uhfuse:w:0xd9:m

avrdude: warning: cannot set sck period. please check for usbasp firmware update.
avrdude: AVR device initialized and ready to accept instructions

Reading | ################################################## | 100% 0.00s

avrdude: Device signature = 0x1e9502
avrdude: NOTE: FLASH memory has been specified, an erase cycle will be performed
         To disable this feature, specify the -D option.
avrdude: erasing chip
avrdude: warning: cannot set sck period. please check for usbasp firmware update.
avrdude: reading input file "MDIO_app.hex"
avrdude: input file MDIO_app.hex auto detected as Intel Hex
avrdude: writing flash (5058 bytes):

Writing | ################################################## | 100% 2.83s

avrdude: 5058 bytes of flash written
avrdude: verifying flash memory against MDIO_app.hex:
avrdude: load data flash data from input file MDIO_app.hex:
avrdude: input file MDIO_app.hex auto detected as Intel Hex
avrdude: input file MDIO_app.hex contains 5058 bytes
avrdude: reading on-chip flash data:

Reading | ################################################## | 100% 2.56s

avrdude: verifying ...
avrdude: 5058 bytes of flash verified
avrdude: reading input file "0xff"
avrdude: writing lfuse (1 bytes):

Writing | ################################################## | 100% 0.00s

avrdude: 1 bytes of lfuse written
avrdude: verifying lfuse memory against 0xff:
avrdude: load data lfuse data from input file 0xff:
avrdude: input file 0xff contains 1 bytes
avrdude: reading on-chip lfuse data:

Reading | ################################################## | 100% 0.00s

avrdude: verifying ...
avrdude: 1 bytes of lfuse verified
avrdude: reading input file "0xd9"
avrdude: writing hfuse (1 bytes):

Writing | ################################################## | 100% 0.00s

avrdude: 1 bytes of hfuse written
avrdude: verifying hfuse memory against 0xd9:
avrdude: load data hfuse data from input file 0xd9:
avrdude: input file 0xd9 contains 1 bytes
avrdude: reading on-chip hfuse data:

Reading | ################################################## | 100% 0.02s

avrdude: verifying ...
avrdude: 1 bytes of hfuse verified

avrdude done.  Thank you.

Finished building: avrdudedummy
 

13:30:21 Build Finished (took 6s.494ms)

